15:03:42.009 DEBUG [route] apps.js 
15:03:42.011 DEBUG [route] command.js 
15:03:42.013 DEBUG [route] inbox.js 
15:03:42.062 DEBUG [route] info.js 
15:03:42.063 DEBUG [route] outbox.js 
15:03:42.063 DEBUG [route] tiles.js 
15:03:42.213 INFO  ############################################## 
15:03:42.213 INFO  #     
15:03:42.213 INFO  #    Lantern App Server ehu2ga8hG [ prime = undefined ] 
15:03:42.213 INFO  #     
15:03:42.213 INFO  ############################################## 
15:03:42.213 INFO  [web]             private key = /home/yellow/Developer/od-server/web/certs/dev/dev.lantern.link-key.pem 
15:03:42.213 INFO  [web]             cert = /home/yellow/Developer/od-server/web/certs/dev/dev.lantern.link.pem 
15:03:42.231 INFO  [web]             standard port = 9080 
15:03:42.231 INFO  [web]             secure port = 9443 
15:03:42.237 INFO  [db]              path = /home/yellow/Developer/od-server/db/dev 
15:03:42.237 INFO  [db]              rules = sha1 d161011e074402488ab20e094a79ff414de1d0b5

 
15:03:47.363 DEBUG [watcher]         waiting for changes... 
15:03:47.363 DEBUG [watcher]         change hook = /home/yellow/Developer/od-server/hooks/change (6000ms) 
15:11:46.612 DEBUG [route] apps.js 
15:11:46.615 DEBUG [route] command.js 
15:11:46.617 DEBUG [route] inbox.js 
15:11:46.670 DEBUG [route] info.js 
15:11:46.671 DEBUG [route] outbox.js 
15:11:46.672 DEBUG [route] tiles.js 
15:11:46.815 INFO  ############################################## 
15:11:46.815 INFO  #     
15:11:46.815 INFO  #    Lantern App Server ehu2ga8hG [ prime = 13 ] 
15:11:46.815 INFO  #     
15:11:46.815 INFO  ############################################## 
15:11:46.815 INFO  [web]             private key = /home/yellow/Developer/OD-serve/web/certs/dev/dev.lantern.link-key.pem 
15:11:46.815 INFO  [web]             cert = /home/yellow/Developer/OD-serve/web/certs/dev/dev.lantern.link.pem 
15:11:46.832 INFO  [web]             standard port = 9080 
15:11:46.832 INFO  [web]             secure port = 9443 
15:11:46.837 INFO  [db]              path = /home/yellow/Developer/OD-serve/db/dev 
15:11:46.837 INFO  [db]              rules = sha1 d161011e074402488ab20e094a79ff414de1d0b5

 
